<?xml version="1.0" encoding="UTF-8"?>
<!-- Generated by org.testng.reporters.JUnitReportReporter -->
<testsuite hostname="DESKTOP-91QHVES" failures="0" tests="2" name="testcases.SwagLabsLogin" time="30.461" errors="0" timestamp="22 Sep 2022 18:19:32 GMT" skipped="0">
  <testcase classname="testcases.SwagLabsLogin" name="NegativeLogin" time="16.125"/>
  <testcase classname="testcases.SwagLabsLogin" name="PositiveLogin" time="14.336"/>
</testsuite> <!-- testcases.SwagLabsLogin -->
