<?xml version="1.0" encoding="UTF-8"?>
<!-- Generated by org.testng.reporters.JUnitReportReporter -->
<testsuite hostname="DESKTOP-91QHVES" failures="0" tests="2" name="testcases.SwagLabsLogin" time="26.456" errors="0" timestamp="22 Sep 2022 18:24:28 GMT" skipped="0">
  <testcase classname="testcases.SwagLabsLogin" name="NegativeLogin" time="13.445"/>
  <testcase classname="testcases.SwagLabsLogin" name="PositiveLogin" time="13.011"/>
</testsuite> <!-- testcases.SwagLabsLogin -->
